time="2020-10-04 11:23:09" level=info Agent="ApiPOST Runtime +https://www.apipost.cn" DataSize=195 HostName=localhost.localdomain Ip="::1" Method=POST Path=/api/v1/login SpendTime="827 ms" status=200
time="2020-10-04 11:58:47" level=info Agent="ApiPOST Runtime +https://www.apipost.cn" DataSize=195 HostName=localhost.localdomain Ip="::1" Method=POST Path=/api/v1/login SpendTime="609 ms" status=200
time="2020-10-04 12:00:20" level=info Agent="ApiPOST Runtime +https://www.apipost.cn" DataSize=223 HostName=localhost.localdomain Ip="::1" Method=POST Path=/api/v1/user/add SpendTime="751 ms" status=200
time="2020-10-04 12:00:41" level=info Agent="ApiPOST Runtime +https://www.apipost.cn" DataSize=54 HostName=localhost.localdomain Ip="::1" Method=POST Path=/api/v1/login SpendTime="630 ms" status=200
time="2020-10-04 12:00:57" level=info Agent="ApiPOST Runtime +https://www.apipost.cn" DataSize=216 HostName=localhost.localdomain Ip="::1" Method=POST Path=/api/v1/user/add SpendTime="800 ms" status=200
time="2020-10-04 12:01:12" level=info Agent="ApiPOST Runtime +https://www.apipost.cn" DataSize=54 HostName=localhost.localdomain Ip="::1" Method=POST Path=/api/v1/login SpendTime="618 ms" status=200
time="2020-10-04 12:01:40" level=info Agent="ApiPOST Runtime +https://www.apipost.cn" DataSize=54 HostName=localhost.localdomain Ip="::1" Method=POST Path=/api/v1/login SpendTime="737 ms" status=200
time="2020-10-04 12:01:41" level=info Agent="ApiPOST Runtime +https://www.apipost.cn" DataSize=54 HostName=localhost.localdomain Ip="::1" Method=POST Path=/api/v1/login SpendTime="621 ms" status=200
time="2020-10-04 12:01:43" level=info Agent="ApiPOST Runtime +https://www.apipost.cn" DataSize=54 HostName=localhost.localdomain Ip="::1" Method=POST Path=/api/v1/login SpendTime="621 ms" status=200
time="2020-10-04 12:01:56" level=info Agent="ApiPOST Runtime +https://www.apipost.cn" DataSize=189 HostName=localhost.localdomain Ip="::1" Method=POST Path=/api/v1/user/add SpendTime="17 ms" status=200
time="2020-10-04 12:02:20" level=info Agent="ApiPOST Runtime +https://www.apipost.cn" DataSize=189 HostName=localhost.localdomain Ip="::1" Method=POST Path=/api/v1/user/add SpendTime="18 ms" status=200
time="2020-10-04 12:02:47" level=info Agent="ApiPOST Runtime +https://www.apipost.cn" DataSize=189 HostName=localhost.localdomain Ip="::1" Method=POST Path=/api/v1/user/add SpendTime="16 ms" status=200
time="2020-10-04 12:03:30" level=info Agent="ApiPOST Runtime +https://www.apipost.cn" DataSize=189 HostName=localhost.localdomain Ip="::1" Method=POST Path=/api/v1/user/add SpendTime="16 ms" status=200
time="2020-10-04 12:04:48" level=info Agent="ApiPOST Runtime +https://www.apipost.cn" DataSize=189 HostName=localhost.localdomain Ip="::1" Method=POST Path=/api/v1/user/add SpendTime="15 ms" status=200
time="2020-10-04 12:05:08" level=info Agent="ApiPOST Runtime +https://www.apipost.cn" DataSize=224 HostName=localhost.localdomain Ip="::1" Method=POST Path=/api/v1/user/add SpendTime="785 ms" status=200
time="2020-10-04 12:05:34" level=info Agent="ApiPOST Runtime +https://www.apipost.cn" DataSize=227 HostName=localhost.localdomain Ip="::1" Method=POST Path=/api/v1/user/add SpendTime="850 ms" status=200
time="2020-10-04 12:05:55" level=info Agent="ApiPOST Runtime +https://www.apipost.cn" DataSize=201 HostName=localhost.localdomain Ip="::1" Method=POST Path=/api/v1/login SpendTime="632 ms" status=200
time="2020-10-04 15:18:12" level=warning Agent="ApiPOST Runtime +https://www.apipost.cn" DataSize=0 HostName=localhost.localdomain Ip="::1" Method=GET Path=//api/v1/article SpendTime="1 ms" status=404
time="2020-10-04 15:18:24" level=info Agent="ApiPOST Runtime +https://www.apipost.cn" DataSize=39 HostName=localhost.localdomain Ip="::1" Method=GET Path=/api/v1/article SpendTime="16 ms" status=200
time="2020-10-04 15:20:17" level=info Agent="ApiPOST Runtime +https://www.apipost.cn" DataSize=40 HostName=localhost.localdomain Ip="::1" Method=POST Path=/api/v1/article/add SpendTime="1 ms" status=200
time="2020-10-04 15:21:01" level=info Agent="ApiPOST Runtime +https://www.apipost.cn" DataSize=201 HostName=localhost.localdomain Ip="::1" Method=POST Path=/api/v1/login SpendTime="859 ms" status=200
time="2020-10-04 17:55:50" level=info Agent="ApiPOST Runtime +https://www.apipost.cn" DataSize=39 HostName=localhost.localdomain Ip="::1" Method=GET Path=/api/v1/article SpendTime="14 ms" status=200
time="2020-10-04 18:39:08" level=warning Agent="ApiPOST Runtime +https://www.apipost.cn" DataSize=0 HostName=localhost.localdomain Ip="::1" Method=PUT Path=//api/v1/article/list SpendTime="1 ms" status=404
time="2020-10-04 18:39:18" level=info Agent="ApiPOST Runtime +https://www.apipost.cn" DataSize=40 HostName=localhost.localdomain Ip="::1" Method=PUT Path=/api/v1/article/list SpendTime="1 ms" status=200
